[2022-02-18 09:07:48] local.INFO: START DATE 2022-02-01  
[2022-02-18 09:07:48] local.INFO: END   DATE 2022-02-28  
[2022-02-18 09:07:50] local.INFO: start  
[2022-02-18 09:07:50] local.INFO: array (
)  
[2022-02-18 09:07:50] local.INFO: 0  
[2022-02-18 09:54:32] local.ERROR: PDOException: SQLSTATE[42S22]: Column not found: 1054 Unknown column 'contacts.is_payee' in 'where clause' in /home/vimi510/public_html/666/vendor/laravel/framework/src/Illuminate/Database/Connection.php:331
Stack trace:
#0 /home/vimi510/public_html/666/vendor/laravel/framework/src/Illuminate/Database/Connection.php(331): PDO->prepare('select count(*)...')
#1 /home/vimi510/public_html/666/vendor/laravel/framework/src/Illuminate/Database/Connection.php(664): Illuminate\Database\Connection->Illuminate\Database\{closure}('select count(*)...', Array)
#2 /home/vimi510/public_html/666/vendor/laravel/framework/src/Illuminate/Database/Connection.php(631): Illuminate\Database\Connection->runQueryCallback('select count(*)...', Array, Object(Closure))
#3 /home/vimi510/public_html/666/vendor/laravel/framework/src/Illuminate/Database/Connection.php(339): Illuminate\Database\Connection->run('select count(*)...', Array, Object(Closure))
#4 /home/vimi510/public_html/666/vendor/laravel/framework/src/Illuminate/Database/Query/Builder.php(2202): Illuminate\Database\Connection->select('select count(*)...', Array, true)
#5 /home/vimi510/public_html/666/vendor/laravel/framework/src/Illuminate/Database/Query/Builder.php(2190): Illuminate\Database\Query\Builder->runSelect()
#6 /home/vimi510/public_html/666/vendor/laravel/framework/src/Illuminate/Database/Query/Builder.php(2685): Illuminate\Database\Query\Builder->Illuminate\Database\Query\{closure}()
#7 /home/vimi510/public_html/666/vendor/laravel/framework/src/Illuminate/Database/Query/Builder.php(2191): Illuminate\Database\Query\Builder->onceWithColumns(Array, Object(Closure))
#8 /home/vimi510/public_html/666/vendor/laravel/framework/src/Illuminate/Database/Query/Builder.php(2612): Illuminate\Database\Query\Builder->get(Array)
#9 /home/vimi510/public_html/666/vendor/laravel/framework/src/Illuminate/Database/Query/Builder.php(2540): Illuminate\Database\Query\Builder->aggregate('count', Array)
#10 /home/vimi510/public_html/666/vendor/yajra/laravel-datatables-oracle/src/QueryDataTable.php(196): Illuminate\Database\Query\Builder->count()
#11 /home/vimi510/public_html/666/vendor/yajra/laravel-datatables-oracle/src/QueryDataTable.php(166): Yajra\DataTables\QueryDataTable->count()
#12 /home/vimi510/public_html/666/vendor/yajra/laravel-datatables-oracle/src/QueryDataTable.php(116): Yajra\DataTables\QueryDataTable->totalCount()
#13 /home/vimi510/public_html/666/vendor/yajra/laravel-datatables-oracle/src/QueryDataTable.php(98): Yajra\DataTables\QueryDataTable->prepareQuery()
#14 /home/vimi510/public_html/666/app/Http/Controllers/ContactController.php(255): Yajra\DataTables\QueryDataTable->make(true)
#15 /home/vimi510/public_html/666/app/Http/Controllers/ContactController.php(83): App\Http\Controllers\ContactController->indexSupplier()
#16 [internal function]: App\Http\Controllers\ContactController->index()
#17 /home/vimi510/public_html/666/vendor/laravel/framework/src/Illuminate/Routing/Controller.php(54): call_user_func_array(Array, Array)
#18 /home/vimi510/public_html/666/vendor/laravel/framework/src/Illuminate/Routing/ControllerDispatcher.php(45): Illuminate\Routing\Controller->callAction('index', Array)
#19 /home/vimi510/public_html/666/vendor/laravel/framework/src/Illuminate/Routing/Route.php(239): Illuminate\Routing\ControllerDispatcher->dispatch(Object(Illuminate\Routing\Route), Object(App\Http\Controllers\ContactController), 'index')
#20 /home/vimi510/public_html/666/vendor/laravel/framework/src/Illuminate/Routing/Route.php(196): Illuminate\Routing\Route->runController()
#21 /home/vimi510/public_html/666/vendor/laravel/framework/src/Illuminate/Routing/Router.php(685): Illuminate\Routing\Route->run()
#22 /home/vimi510/public_html/666/vendor/laravel/framework/src/Illuminate/Pipeline/Pipeline.php(128): Illuminate\Routing\Router->Illuminate\Routing\{closure}(Object(Illuminate\Http\Request))
#23 /home/vimi510/public_html/666/app/Http/Middleware/Callbacks.php(48): Illuminate\Pipeline\Pipeline->Illuminate\Pipeline\{closure}(Object(Illuminate\Http\Request))
#24 /home/vimi510/public_html/666/vendor/laravel/framework/src/Illuminate/Pipeline/Pipeline.php(167): App\Http\Middleware\Callbacks->handle(Object(Illuminate\Http\Request), Object(Closure))
#25 /home/vimi510/public_html/666/app/Http/Middleware/Timezone.php(27): Illuminate\Pipeline\Pipeline->Illuminate\Pipeline\{closure}(Object(Illuminate\Http\Request))
#26 /home/vimi510/public_html/666/vendor/laravel/framework/src/Illuminate/Pipeline/Pipeline.php(167): App\Http\Middleware\Timezone->handle(Object(Illuminate\Http\Request), Object(Closure))
#27 /home/vimi510/public_html/666/app/Http/Middleware/Language.php(28): Illuminate\Pipeline\Pipeline->Illuminate\Pipeline\{closure}(Object(Illuminate\Http\Request))
#28 /home/vimi510/public_html/666/vendor/laravel/framework/src/Illuminate/Pipeline/Pipeline.php(167): App\Http\Middleware\Language->handle(Object(Illuminate\Http\Request), Object(Closure))
#29 /home/vimi510/public_html/666/app/Http/Middleware/DayEnd.php(39): Illuminate\Pipeline\Pipeline->Illuminate\Pipeline\{closure}(Object(Illuminate\Http\Request))
#30 /home/vimi510/public_html/666/vendor/laravel/framework/src/Illuminate/Pipeline/Pipeline.php(167): App\Http\Middleware\DayEnd->handle(Object(Illuminate\Http\Request), Object(Closure))
#31 /home/vimi510/public_html/666/app/Http/Middleware/SetSessionData.php(61): Illuminate\Pipeline\Pipeline->Illuminate\Pipeline\{closure}(Object(Illuminate\Http\Request))
#32 /home/vimi510/public_html/666/vendor/laravel/framework/src/Illuminate/Pipeline/Pipeline.php(167): App\Http\Middleware\SetSessionData->handle(Object(Illuminate\Http\Request), Object(Closure))
#33 /home/vimi510/public_html/666/app/Http/Middleware/IsInstalled.php(23): Illuminate\Pipeline\Pipeline->Illuminate\Pipeline\{closure}(Object(Illuminate\Http\Request))
#34 /home/vimi510/public_html/666/vendor/laravel/framework/src/Illuminate/Pipeline/Pipeline.php(167): App\Http\Middleware\IsInstalled->handle(Object(Illuminate\Http\Request), Object(Closure))
#35 /home/vimi510/public_html/666/vendor/laravel/framework/src/Illuminate/Routing/Middleware/SubstituteBindings.php(41): Illuminate\Pipeline\Pipeline->Illuminate\Pipeline\{closure}(Object(Illuminate\Http\Request))
#36 /home/vimi510/public_html/666/vendor/laravel/framework/src/Illuminate/Pipeline/Pipeline.php(167): Illuminate\Routing\Middleware\SubstituteBindings->handle(Object(Illuminate\Http\Request), Object(Closure))
#37 /home/vimi510/public_html/666/vendor/laravel/framework/src/Illuminate/Auth/Middleware/Authenticate.php(44): Illuminate\Pipeline\Pipeline->Illuminate\Pipeline\{closure}(Object(Illuminate\Http\Request))
#38 /home/vimi510/public_html/666/vendor/laravel/framework/src/Illuminate/Pipeline/Pipeline.php(167): Illuminate\Auth\Middleware\Authenticate->handle(Object(Illuminate\Http\Request), Object(Closure), 'customer', 'web')
#39 /home/vimi510/public_html/666/vendor/laravel/framework/src/Illuminate/Foundation/Http/Middleware/VerifyCsrfToken.php(76): Illuminate\Pipeline\Pipeline->Illuminate\Pipeline\{closure}(Object(Illuminate\Http\Request))
#40 /home/vimi510/public_html/666/vendor/laravel/framework/src/Illuminate/Pipeline/Pipeline.php(167): Illuminate\Foundation\Http\Middleware\VerifyCsrfToken->handle(Object(Illuminate\Http\Request), Object(Closure))
#41 /home/vimi510/public_html/666/vendor/laravel/framework/src/Illuminate/View/Middleware/ShareErrorsFromSession.php(49): Illuminate\Pipeline\Pipeline->Illuminate\Pipeline\{closure}(Object(Illuminate\Http\Request))
#42 /home/vimi510/public_html/666/vendor/laravel/framework/src/Illuminate/Pipeline/Pipeline.php(167): Illuminate\View\Middleware\ShareErrorsFromSession->handle(Object(Illuminate\Http\Request), Object(Closure))
#43 /home/vimi510/public_html/666/vendor/laravel/framework/src/Illuminate/Session/Middleware/StartSession.php(116): Illuminate\Pipeline\Pipeline->Illuminate\Pipeline\{closure}(Object(Illuminate\Http\Request))
#44 /home/vimi510/public_html/666/vendor/laravel/framework/src/Illuminate/Session/Middleware/StartSession.php(62): Illuminate\Session\Middleware\StartSession->handleStatefulRequest(Object(Illuminate\Http\Request), Object(Illuminate\Session\Store), Object(Closure))
#45 /home/vimi510/public_html/666/vendor/laravel/framework/src/Illuminate/Pipeline/Pipeline.php(167): Illuminate\Session\Middleware\StartSession->handle(Object(Illuminate\Http\Request), Object(Closure))
#46 /home/vimi510/public_html/666/vendor/laravel/framework/src/Illuminate/Cookie/Middleware/AddQueuedCookiesToResponse.php(37): Illuminate\Pipeline\Pipeline->Illuminate\Pipeline\{closure}(Object(Illuminate\Http\Request))
#47 /home/vimi510/public_html/666/vendor/laravel/framework/src/Illuminate/Pipeline/Pipeline.php(167): Illuminate\Cookie\Middleware\AddQueuedCookiesToResponse->handle(Object(Illuminate\Http\Request), Object(Closure))
#48 /home/vimi510/public_html/666/vendor/laravel/framework/src/Illuminate/Cookie/Middleware/EncryptCookies.php(66): Illuminate\Pipeline\Pipeline->Illuminate\Pipeline\{closure}(Object(Illuminate\Http\Request))
#49 /home/vimi510/public_html/666/vendor/laravel/framework/src/Illuminate/Pipeline/Pipeline.php(167): Illuminate\Cookie\Middleware\EncryptCookies->handle(Object(Illuminate\Http\Request), Object(Closure))
#50 /home/vimi510/public_html/666/vendor/laravel/framework/src/Illuminate/Pipeline/Pipeline.php(103): Illuminate\Pipeline\Pipeline->Illuminate\Pipeline\{closure}(Object(Illuminate\Http\Request))
#51 /home/vimi510/public_html/666/vendor/laravel/framework/src/Illuminate/Routing/Router.php(687): Illuminate\Pipeline\Pipeline->then(Object(Closure))
#52 /home/vimi510/public_html/666/vendor/laravel/framework/src/Illuminate/Routing/Router.php(662): Illuminate\Routing\Router->runRouteWithinStack(Object(Illuminate\Routing\Route), Object(Illuminate\Http\Request))
#53 /home/vimi510/public_html/666/vendor/laravel/framework/src/Illuminate/Routing/Router.php(628): Illuminate\Routing\Router->runRoute(Object(Illuminate\Http\Request), Object(Illuminate\Routing\Route))
#54 /home/vimi510/public_html/666/vendor/laravel/framework/src/Illuminate/Routing/Router.php(617): Illuminate\Routing\Router->dispatchToRoute(Object(Illuminate\Http\Request))
#55 /home/vimi510/public_html/666/vendor/laravel/framework/src/Illuminate/Foundation/Http/Kernel.php(165): Illuminate\Routing\Router->dispatch(Object(Illuminate\Http\Request))
#56 /home/vimi510/public_html/666/vendor/laravel/framework/src/Illuminate/Pipeline/Pipeline.php(128): Illuminate\Foundation\Http\Kernel->Illuminate\Foundation\Http\{closure}(Object(Illuminate\Http\Request))
#57 /home/vimi510/public_html/666/vendor/litespeed/lscache-laravel/src/LSCacheMiddleware.php(21): Illuminate\Pipeline\Pipeline->Illuminate\Pipeline\{closure}(Object(Illuminate\Http\Request))
#58 /home/vimi510/public_html/666/vendor/laravel/framework/src/Illuminate/Pipeline/Pipeline.php(167): Litespeed\LSCache\LSCacheMiddleware->handle(Object(Illuminate\Http\Request), Object(Closure))
#59 /home/vimi510/public_html/666/vendor/barryvdh/laravel-debugbar/src/Middleware/InjectDebugbar.php(58): Illuminate\Pipeline\Pipeline->Illuminate\Pipeline\{closure}(Object(Illuminate\Http\Request))
#60 /home/vimi510/public_html/666/vendor/laravel/framework/src/Illuminate/Pipeline/Pipeline.php(167): Barryvdh\Debugbar\Middleware\InjectDebugbar->handle(Object(Illuminate\Http\Request), Object(Closure))
#61 /home/vimi510/public_html/666/vendor/fideloper/proxy/src/TrustProxies.php(57): Illuminate\Pipeline\Pipeline->Illuminate\Pipeline\{closure}(Object(Illuminate\Http\Request))
#62 /home/vimi510/public_html/666/vendor/laravel/framework/src/Illuminate/Pipeline/Pipeline.php(167): Fideloper\Proxy\TrustProxies->handle(Object(Illuminate\Http\Request), Object(Closure))
#63 /home/vimi510/public_html/666/vendor/laravel/framework/src/Illuminate/Foundation/Http/Middleware/TransformsRequest.php(21): Illuminate\Pipeline\Pipeline->Illuminate\Pipeline\{closure}(Object(Illuminate\Http\Request))
#64 /home/vimi510/public_html/666/vendor/laravel/framework/src/Illuminate/Pipeline/Pipeline.php(167): Illuminate\Foundation\Http\Middleware\TransformsRequest->handle(Object(Illuminate\Http\Request), Object(Closure))
#65 /home/vimi510/public_html/666/vendor/laravel/framework/src/Illuminate/Foundation/Http/Middleware/TransformsRequest.php(21): Illuminate\Pipeline\Pipeline->Illuminate\Pipeline\{closure}(Object(Illuminate\Http\Request))
#66 /home/vimi510/public_html/666/vendor/laravel/framework/src/Illuminate/Pipeline/Pipeline.php(167): Illuminate\Foundation\Http\Middleware\TransformsRequest->handle(Object(Illuminate\Http\Request), Object(Closure))
#67 /home/vimi510/public_html/666/vendor/laravel/framework/src/Illuminate/Foundation/Http/Middleware/ValidatePostSize.php(27): Illuminate\Pipeline\Pipeline->Illuminate\Pipeline\{closure}(Object(Illuminate\Http\Request))
#68 /home/vimi510/public_html/666/vendor/laravel/framework/src/Illuminate/Pipeline/Pipeline.php(167): Illuminate\Foundation\Http\Middleware\ValidatePostSize->handle(Object(Illuminate\Http\Request), Object(Closure))
#69 /home/vimi510/public_html/666/vendor/laravel/framework/src/Illuminate/Foundation/Http/Middleware/CheckForMaintenanceMode.php(63): Illuminate\Pipeline\Pipeline->Illuminate\Pipeline\{closure}(Object(Illuminate\Http\Request))
#70 /home/vimi510/public_html/666/vendor/laravel/framework/src/Illuminate/Pipeline/Pipeline.php(167): Illuminate\Foundation\Http\Middleware\CheckForMaintenanceMode->handle(Object(Illuminate\Http\Request), Object(Closure))
#71 /home/vimi510/public_html/666/vendor/laravel/framework/src/Illuminate/Pipeline/Pipeline.php(103): Illuminate\Pipeline\Pipeline->Illuminate\Pipeline\{closure}(Object(Illuminate\Http\Request))
#72 /home/vimi510/public_html/666/vendor/laravel/framework/src/Illuminate/Foundation/Http/Kernel.php(140): Illuminate\Pipeline\Pipeline->then(Object(Closure))
#73 /home/vimi510/public_html/666/vendor/laravel/framework/src/Illuminate/Foundation/Http/Kernel.php(109): Illuminate\Foundation\Http\Kernel->sendRequestThroughRouter(Object(Illuminate\Http\Request))
#74 /home/vimi510/public_html/666/public/index.php(53): Illuminate\Foundation\Http\Kernel->handle(Object(Illuminate\Http\Request))
#75 /home/vimi510/public_html/666/index.php(20): require_once('/home/vimi510/p...')
#76 {main}

Next Illuminate\Database\QueryException: SQLSTATE[42S22]: Column not found: 1054 Unknown column 'contacts.is_payee' in 'where clause' (SQL: select count(*) as aggregate from (select `contacts`.`contact_id`, `supplier_business_name`, `contacts`.`active`, `contacts`.`name`, `cg`.`name` as `supplier_group`, `contacts`.`created_at`, `mobile`, `t`.`transaction_date`, `contacts`.`type`, `contacts`.`id`, SUM(IF(t.type = 'purchase', final_total, 0)) as total_purchase, SUM(IF(t.type = 'purchase', (SELECT SUM(amount) FROM transaction_payments WHERE transaction_payments.transaction_id=t.id), 0)) as purchase_paid, SUM(IF(t.type = 'purchase_return', final_total, 0)) as total_purchase_return, SUM(IF(t.type = 'purchase_return', (SELECT SUM(amount) FROM transaction_payments WHERE transaction_payments.transaction_id=t.id), 0)) as purchase_return_paid, SUM(IF(t.type = 'opening_balance', final_total, 0)) as opening_balance, SUM(IF(t.type = 'opening_balance', (SELECT SUM(IF(is_return = 1,-1*amount,amount)) FROM transaction_payments WHERE transaction_payments.transaction_id=t.id), 0)) as opening_balance_paid, `email`, `tax_number`, `contacts`.`pay_term_number`, `contacts`.`pay_term_type`, `contacts`.`custom_field1`, `contacts`.`custom_field2`, `contacts`.`custom_field3`, `contacts`.`custom_field4` from `contacts` left join `transactions` as `t` on `contacts`.`id` = `t`.`contact_id` left join `contact_groups` as `cg` on `contacts`.`supplier_group_id` = `cg`.`id` where `contacts`.`business_id` = 23 and `contacts`.`is_payee` = 0 and `contacts`.`type` in (supplier, both) and `contacts`.`deleted_at` is null group by `contacts`.`id`) count_row_table) in /home/vimi510/public_html/666/vendor/laravel/framework/src/Illuminate/Database/Connection.php:671
Stack trace:
#0 /home/vimi510/public_html/666/vendor/laravel/framework/src/Illuminate/Database/Connection.php(631): Illuminate\Database\Connection->runQueryCallback('select count(*)...', Array, Object(Closure))
#1 /home/vimi510/public_html/666/vendor/laravel/framework/src/Illuminate/Database/Connection.php(339): Illuminate\Database\Connection->run('select count(*)...', Array, Object(Closure))
#2 /home/vimi510/public_html/666/vendor/laravel/framework/src/Illuminate/Database/Query/Builder.php(2202): Illuminate\Database\Connection->select('select count(*)...', Array, true)
#3 /home/vimi510/public_html/666/vendor/laravel/framework/src/Illuminate/Database/Query/Builder.php(2190): Illuminate\Database\Query\Builder->runSelect()
#4 /home/vimi510/public_html/666/vendor/laravel/framework/src/Illuminate/Database/Query/Builder.php(2685): Illuminate\Database\Query\Builder->Illuminate\Database\Query\{closure}()
#5 /home/vimi510/public_html/666/vendor/laravel/framework/src/Illuminate/Database/Query/Builder.php(2191): Illuminate\Database\Query\Builder->onceWithColumns(Array, Object(Closure))
#6 /home/vimi510/public_html/666/vendor/laravel/framework/src/Illuminate/Database/Query/Builder.php(2612): Illuminate\Database\Query\Builder->get(Array)
#7 /home/vimi510/public_html/666/vendor/laravel/framework/src/Illuminate/Database/Query/Builder.php(2540): Illuminate\Database\Query\Builder->aggregate('count', Array)
#8 /home/vimi510/public_html/666/vendor/yajra/laravel-datatables-oracle/src/QueryDataTable.php(196): Illuminate\Database\Query\Builder->count()
#9 /home/vimi510/public_html/666/vendor/yajra/laravel-datatables-oracle/src/QueryDataTable.php(166): Yajra\DataTables\QueryDataTable->count()
#10 /home/vimi510/public_html/666/vendor/yajra/laravel-datatables-oracle/src/QueryDataTable.php(116): Yajra\DataTables\QueryDataTable->totalCount()
#11 /home/vimi510/public_html/666/vendor/yajra/laravel-datatables-oracle/src/QueryDataTable.php(98): Yajra\DataTables\QueryDataTable->prepareQuery()
#12 /home/vimi510/public_html/666/app/Http/Controllers/ContactController.php(255): Yajra\DataTables\QueryDataTable->make(true)
#13 /home/vimi510/public_html/666/app/Http/Controllers/ContactController.php(83): App\Http\Controllers\ContactController->indexSupplier()
#14 [internal function]: App\Http\Controllers\ContactController->index()
#15 /home/vimi510/public_html/666/vendor/laravel/framework/src/Illuminate/Routing/Controller.php(54): call_user_func_array(Array, Array)
#16 /home/vimi510/public_html/666/vendor/laravel/framework/src/Illuminate/Routing/ControllerDispatcher.php(45): Illuminate\Routing\Controller->callAction('index', Array)
#17 /home/vimi510/public_html/666/vendor/laravel/framework/src/Illuminate/Routing/Route.php(239): Illuminate\Routing\ControllerDispatcher->dispatch(Object(Illuminate\Routing\Route), Object(App\Http\Controllers\ContactController), 'index')
#18 /home/vimi510/public_html/666/vendor/laravel/framework/src/Illuminate/Routing/Route.php(196): Illuminate\Routing\Route->runController()
#19 /home/vimi510/public_html/666/vendor/laravel/framework/src/Illuminate/Routing/Router.php(685): Illuminate\Routing\Route->run()
#20 /home/vimi510/public_html/666/vendor/laravel/framework/src/Illuminate/Pipeline/Pipeline.php(128): Illuminate\Routing\Router->Illuminate\Routing\{closure}(Object(Illuminate\Http\Request))
#21 /home/vimi510/public_html/666/app/Http/Middleware/Callbacks.php(48): Illuminate\Pipeline\Pipeline->Illuminate\Pipeline\{closure}(Object(Illuminate\Http\Request))
#22 /home/vimi510/public_html/666/vendor/laravel/framework/src/Illuminate/Pipeline/Pipeline.php(167): App\Http\Middleware\Callbacks->handle(Object(Illuminate\Http\Request), Object(Closure))
#23 /home/vimi510/public_html/666/app/Http/Middleware/Timezone.php(27): Illuminate\Pipeline\Pipeline->Illuminate\Pipeline\{closure}(Object(Illuminate\Http\Request))
#24 /home/vimi510/public_html/666/vendor/laravel/framework/src/Illuminate/Pipeline/Pipeline.php(167): App\Http\Middleware\Timezone->handle(Object(Illuminate\Http\Request), Object(Closure))
#25 /home/vimi510/public_html/666/app/Http/Middleware/Language.php(28): Illuminate\Pipeline\Pipeline->Illuminate\Pipeline\{closure}(Object(Illuminate\Http\Request))
#26 /home/vimi510/public_html/666/vendor/laravel/framework/src/Illuminate/Pipeline/Pipeline.php(167): App\Http\Middleware\Language->handle(Object(Illuminate\Http\Request), Object(Closure))
#27 /home/vimi510/public_html/666/app/Http/Middleware/DayEnd.php(39): Illuminate\Pipeline\Pipeline->Illuminate\Pipeline\{closure}(Object(Illuminate\Http\Request))
#28 /home/vimi510/public_html/666/vendor/laravel/framework/src/Illuminate/Pipeline/Pipeline.php(167): App\Http\Middleware\DayEnd->handle(Object(Illuminate\Http\Request), Object(Closure))
#29 /home/vimi510/public_html/666/app/Http/Middleware/SetSessionData.php(61): Illuminate\Pipeline\Pipeline->Illuminate\Pipeline\{closure}(Object(Illuminate\Http\Request))
#30 /home/vimi510/public_html/666/vendor/laravel/framework/src/Illuminate/Pipeline/Pipeline.php(167): App\Http\Middleware\SetSessionData->handle(Object(Illuminate\Http\Request), Object(Closure))
#31 /home/vimi510/public_html/666/app/Http/Middleware/IsInstalled.php(23): Illuminate\Pipeline\Pipeline->Illuminate\Pipeline\{closure}(Object(Illuminate\Http\Request))
#32 /home/vimi510/public_html/666/vendor/laravel/framework/src/Illuminate/Pipeline/Pipeline.php(167): App\Http\Middleware\IsInstalled->handle(Object(Illuminate\Http\Request), Object(Closure))
#33 /home/vimi510/public_html/666/vendor/laravel/framework/src/Illuminate/Routing/Middleware/SubstituteBindings.php(41): Illuminate\Pipeline\Pipeline->Illuminate\Pipeline\{closure}(Object(Illuminate\Http\Request))
#34 /home/vimi510/public_html/666/vendor/laravel/framework/src/Illuminate/Pipeline/Pipeline.php(167): Illuminate\Routing\Middleware\SubstituteBindings->handle(Object(Illuminate\Http\Request), Object(Closure))
#35 /home/vimi510/public_html/666/vendor/laravel/framework/src/Illuminate/Auth/Middleware/Authenticate.php(44): Illuminate\Pipeline\Pipeline->Illuminate\Pipeline\{closure}(Object(Illuminate\Http\Request))
#36 /home/vimi510/public_html/666/vendor/laravel/framework/src/Illuminate/Pipeline/Pipeline.php(167): Illuminate\Auth\Middleware\Authenticate->handle(Object(Illuminate\Http\Request), Object(Closure), 'customer', 'web')
#37 /home/vimi510/public_html/666/vendor/laravel/framework/src/Illuminate/Foundation/Http/Middleware/VerifyCsrfToken.php(76): Illuminate\Pipeline\Pipeline->Illuminate\Pipeline\{closure}(Object(Illuminate\Http\Request))
#38 /home/vimi510/public_html/666/vendor/laravel/framework/src/Illuminate/Pipeline/Pipeline.php(167): Illuminate\Foundation\Http\Middleware\VerifyCsrfToken->handle(Object(Illuminate\Http\Request), Object(Closure))
#39 /home/vimi510/public_html/666/vendor/laravel/framework/src/Illuminate/View/Middleware/ShareErrorsFromSession.php(49): Illuminate\Pipeline\Pipeline->Illuminate\Pipeline\{closure}(Object(Illuminate\Http\Request))
#40 /home/vimi510/public_html/666/vendor/laravel/framework/src/Illuminate/Pipeline/Pipeline.php(167): Illuminate\View\Middleware\ShareErrorsFromSession->handle(Object(Illuminate\Http\Request), Object(Closure))
#41 /home/vimi510/public_html/666/vendor/laravel/framework/src/Illuminate/Session/Middleware/StartSession.php(116): Illuminate\Pipeline\Pipeline->Illuminate\Pipeline\{closure}(Object(Illuminate\Http\Request))
#42 /home/vimi510/public_html/666/vendor/laravel/framework/src/Illuminate/Session/Middleware/StartSession.php(62): Illuminate\Session\Middleware\StartSession->handleStatefulRequest(Object(Illuminate\Http\Request), Object(Illuminate\Session\Store), Object(Closure))
#43 /home/vimi510/public_html/666/vendor/laravel/framework/src/Illuminate/Pipeline/Pipeline.php(167): Illuminate\Session\Middleware\StartSession->handle(Object(Illuminate\Http\Request), Object(Closure))
#44 /home/vimi510/public_html/666/vendor/laravel/framework/src/Illuminate/Cookie/Middleware/AddQueuedCookiesToResponse.php(37): Illuminate\Pipeline\Pipeline->Illuminate\Pipeline\{closure}(Object(Illuminate\Http\Request))
#45 /home/vimi510/public_html/666/vendor/laravel/framework/src/Illuminate/Pipeline/Pipeline.php(167): Illuminate\Cookie\Middleware\AddQueuedCookiesToResponse->handle(Object(Illuminate\Http\Request), Object(Closure))
#46 /home/vimi510/public_html/666/vendor/laravel/framework/src/Illuminate/Cookie/Middleware/EncryptCookies.php(66): Illuminate\Pipeline\Pipeline->Illuminate\Pipeline\{closure}(Object(Illuminate\Http\Request))
#47 /home/vimi510/public_html/666/vendor/laravel/framework/src/Illuminate/Pipeline/Pipeline.php(167): Illuminate\Cookie\Middleware\EncryptCookies->handle(Object(Illuminate\Http\Request), Object(Closure))
#48 /home/vimi510/public_html/666/vendor/laravel/framework/src/Illuminate/Pipeline/Pipeline.php(103): Illuminate\Pipeline\Pipeline->Illuminate\Pipeline\{closure}(Object(Illuminate\Http\Request))
#49 /home/vimi510/public_html/666/vendor/laravel/framework/src/Illuminate/Routing/Router.php(687): Illuminate\Pipeline\Pipeline->then(Object(Closure))
#50 /home/vimi510/public_html/666/vendor/laravel/framework/src/Illuminate/Routing/Router.php(662): Illuminate\Routing\Router->runRouteWithinStack(Object(Illuminate\Routing\Route), Object(Illuminate\Http\Request))
#51 /home/vimi510/public_html/666/vendor/laravel/framework/src/Illuminate/Routing/Router.php(628): Illuminate\Routing\Router->runRoute(Object(Illuminate\Http\Request), Object(Illuminate\Routing\Route))
#52 /home/vimi510/public_html/666/vendor/laravel/framework/src/Illuminate/Routing/Router.php(617): Illuminate\Routing\Router->dispatchToRoute(Object(Illuminate\Http\Request))
#53 /home/vimi510/public_html/666/vendor/laravel/framework/src/Illuminate/Foundation/Http/Kernel.php(165): Illuminate\Routing\Router->dispatch(Object(Illuminate\Http\Request))
#54 /home/vimi510/public_html/666/vendor/laravel/framework/src/Illuminate/Pipeline/Pipeline.php(128): Illuminate\Foundation\Http\Kernel->Illuminate\Foundation\Http\{closure}(Object(Illuminate\Http\Request))
#55 /home/vimi510/public_html/666/vendor/litespeed/lscache-laravel/src/LSCacheMiddleware.php(21): Illuminate\Pipeline\Pipeline->Illuminate\Pipeline\{closure}(Object(Illuminate\Http\Request))
#56 /home/vimi510/public_html/666/vendor/laravel/framework/src/Illuminate/Pipeline/Pipeline.php(167): Litespeed\LSCache\LSCacheMiddleware->handle(Object(Illuminate\Http\Request), Object(Closure))
#57 /home/vimi510/public_html/666/vendor/barryvdh/laravel-debugbar/src/Middleware/InjectDebugbar.php(58): Illuminate\Pipeline\Pipeline->Illuminate\Pipeline\{closure}(Object(Illuminate\Http\Request))
#58 /home/vimi510/public_html/666/vendor/laravel/framework/src/Illuminate/Pipeline/Pipeline.php(167): Barryvdh\Debugbar\Middleware\InjectDebugbar->handle(Object(Illuminate\Http\Request), Object(Closure))
#59 /home/vimi510/public_html/666/vendor/fideloper/proxy/src/TrustProxies.php(57): Illuminate\Pipeline\Pipeline->Illuminate\Pipeline\{closure}(Object(Illuminate\Http\Request))
#60 /home/vimi510/public_html/666/vendor/laravel/framework/src/Illuminate/Pipeline/Pipeline.php(167): Fideloper\Proxy\TrustProxies->handle(Object(Illuminate\Http\Request), Object(Closure))
#61 /home/vimi510/public_html/666/vendor/laravel/framework/src/Illuminate/Foundation/Http/Middleware/TransformsRequest.php(21): Illuminate\Pipeline\Pipeline->Illuminate\Pipeline\{closure}(Object(Illuminate\Http\Request))
#62 /home/vimi510/public_html/666/vendor/laravel/framework/src/Illuminate/Pipeline/Pipeline.php(167): Illuminate\Foundation\Http\Middleware\TransformsRequest->handle(Object(Illuminate\Http\Request), Object(Closure))
#63 /home/vimi510/public_html/666/vendor/laravel/framework/src/Illuminate/Foundation/Http/Middleware/TransformsRequest.php(21): Illuminate\Pipeline\Pipeline->Illuminate\Pipeline\{closure}(Object(Illuminate\Http\Request))
#64 /home/vimi510/public_html/666/vendor/laravel/framework/src/Illuminate/Pipeline/Pipeline.php(167): Illuminate\Foundation\Http\Middleware\TransformsRequest->handle(Object(Illuminate\Http\Request), Object(Closure))
#65 /home/vimi510/public_html/666/vendor/laravel/framework/src/Illuminate/Foundation/Http/Middleware/ValidatePostSize.php(27): Illuminate\Pipeline\Pipeline->Illuminate\Pipeline\{closure}(Object(Illuminate\Http\Request))
#66 /home/vimi510/public_html/666/vendor/laravel/framework/src/Illuminate/Pipeline/Pipeline.php(167): Illuminate\Foundation\Http\Middleware\ValidatePostSize->handle(Object(Illuminate\Http\Request), Object(Closure))
#67 /home/vimi510/public_html/666/vendor/laravel/framework/src/Illuminate/Foundation/Http/Middleware/CheckForMaintenanceMode.php(63): Illuminate\Pipeline\Pipeline->Illuminate\Pipeline\{closure}(Object(Illuminate\Http\Request))
#68 /home/vimi510/public_html/666/vendor/laravel/framework/src/Illuminate/Pipeline/Pipeline.php(167): Illuminate\Foundation\Http\Middleware\CheckForMaintenanceMode->handle(Object(Illuminate\Http\Request), Object(Closure))
#69 /home/vimi510/public_html/666/vendor/laravel/framework/src/Illuminate/Pipeline/Pipeline.php(103): Illuminate\Pipeline\Pipeline->Illuminate\Pipeline\{closure}(Object(Illuminate\Http\Request))
#70 /home/vimi510/public_html/666/vendor/laravel/framework/src/Illuminate/Foundation/Http/Kernel.php(140): Illuminate\Pipeline\Pipeline->then(Object(Closure))
#71 /home/vimi510/public_html/666/vendor/laravel/framework/src/Illuminate/Foundation/Http/Kernel.php(109): Illuminate\Foundation\Http\Kernel->sendRequestThroughRouter(Object(Illuminate\Http\Request))
#72 /home/vimi510/public_html/666/public/index.php(53): Illuminate\Foundation\Http\Kernel->handle(Object(Illuminate\Http\Request))
#73 /home/vimi510/public_html/666/index.php(20): require_once('/home/vimi510/p...')
#74 {main}  
[2022-02-18 23:36:00] local.INFO: START DATE 2022-02-01  
[2022-02-18 23:36:00] local.INFO: END   DATE 2022-02-28  
[2022-02-18 23:36:03] local.INFO: start  
[2022-02-18 23:36:03] local.INFO: array (
)  
[2022-02-18 23:36:03] local.INFO: 0  
[2022-02-18 23:36:51] local.INFO: START DATE 2022-02-01  
[2022-02-18 23:36:51] local.INFO: END   DATE 2022-02-28  
[2022-02-18 23:36:52] local.INFO: start  
[2022-02-18 23:36:52] local.INFO: array (
)  
[2022-02-18 23:36:52] local.INFO: 0  
[2022-02-18 23:42:22] local.EMERGENCY: File: /home/vimi510/public_html/666/vendor/laravel/framework/src/Illuminate/Database/Connection.phpLine: 671Message: SQLSTATE[23000]: Integrity constraint violation: 1048 Column 'payment_method' cannot be null (SQL: insert into `customer_payments` (`business_id`, `settlement_no`, `customer_id`, `payment_method`, `cheque_date`, `cheque_number`, `bank_name`, `amount`, `sub_total`, `updated_at`, `created_at`) values (23, 27135, 1112, ?, 2022-02-18, ?, ?, NaN, NaN, 2022-02-18 23:42:22, 2022-02-18 23:42:22))  
[2022-02-18 23:42:28] local.EMERGENCY: File: /home/vimi510/public_html/666/vendor/laravel/framework/src/Illuminate/Database/Connection.phpLine: 671Message: SQLSTATE[23000]: Integrity constraint violation: 1048 Column 'payment_method' cannot be null (SQL: insert into `customer_payments` (`business_id`, `settlement_no`, `customer_id`, `payment_method`, `cheque_date`, `cheque_number`, `bank_name`, `amount`, `sub_total`, `updated_at`, `created_at`) values (23, 27135, 1112, ?, 2022-02-18, ?, ?, NaN, NaN, 2022-02-18 23:42:28, 2022-02-18 23:42:28))  
[2022-02-18 23:42:38] local.EMERGENCY: File: /home/vimi510/public_html/666/vendor/laravel/framework/src/Illuminate/Database/Connection.phpLine: 671Message: SQLSTATE[23000]: Integrity constraint violation: 1048 Column 'payment_method' cannot be null (SQL: insert into `customer_payments` (`business_id`, `settlement_no`, `customer_id`, `payment_method`, `cheque_date`, `cheque_number`, `bank_name`, `amount`, `sub_total`, `updated_at`, `created_at`) values (23, 27135, 1112, ?, 2022-02-18, ?, ?, NaN, NaN, 2022-02-18 23:42:38, 2022-02-18 23:42:38))  
[2022-02-18 23:42:44] local.EMERGENCY: File: /home/vimi510/public_html/666/vendor/laravel/framework/src/Illuminate/Database/Connection.phpLine: 671Message: SQLSTATE[23000]: Integrity constraint violation: 1048 Column 'payment_method' cannot be null (SQL: insert into `customer_payments` (`business_id`, `settlement_no`, `customer_id`, `payment_method`, `cheque_date`, `cheque_number`, `bank_name`, `amount`, `sub_total`, `updated_at`, `created_at`) values (23, 27135, 1112, ?, 2022-02-18, ?, ?, NaN, NaN, 2022-02-18 23:42:44, 2022-02-18 23:42:44))  
[2022-02-18 23:42:50] local.EMERGENCY: File: /home/vimi510/public_html/666/vendor/laravel/framework/src/Illuminate/Database/Connection.phpLine: 671Message: SQLSTATE[23000]: Integrity constraint violation: 1048 Column 'payment_method' cannot be null (SQL: insert into `customer_payments` (`business_id`, `settlement_no`, `customer_id`, `payment_method`, `cheque_date`, `cheque_number`, `bank_name`, `amount`, `sub_total`, `updated_at`, `created_at`) values (23, 27135, 1112, ?, 2022-02-18, ?, ?, NaN, NaN, 2022-02-18 23:42:50, 2022-02-18 23:42:50))  
[2022-02-18 23:44:13] local.ERROR: Trying to get property 'id' of non-object {"userId":219,"exception":"[object] (ErrorException(code: 0): Trying to get property 'id' of non-object at /home/vimi510/public_html/666/Modules/Petro/Http/Controllers/AddPaymentController.php:166)
[stacktrace]
#0 /home/vimi510/public_html/666/Modules/Petro/Http/Controllers/AddPaymentController.php(166): Illuminate\\Foundation\\Bootstrap\\HandleExceptions->handleError(8, 'Trying to get p...', '/home/vimi510/p...', 166, Array)
#1 [internal function]: Modules\\Petro\\Http\\Controllers\\AddPaymentController->create(Object(Illuminate\\Http\\Request))
#2 /home/vimi510/public_html/666/vendor/laravel/framework/src/Illuminate/Routing/Controller.php(54): call_user_func_array(Array, Array)
#3 /home/vimi510/public_html/666/vendor/laravel/framework/src/Illuminate/Routing/ControllerDispatcher.php(45): Illuminate\\Routing\\Controller->callAction('create', Array)
#4 /home/vimi510/public_html/666/vendor/laravel/framework/src/Illuminate/Routing/Route.php(239): Illuminate\\Routing\\ControllerDispatcher->dispatch(Object(Illuminate\\Routing\\Route), Object(Modules\\Petro\\Http\\Controllers\\AddPaymentController), 'create')
#5 /home/vimi510/public_html/666/vendor/laravel/framework/src/Illuminate/Routing/Route.php(196): Illuminate\\Routing\\Route->runController()
#6 /home/vimi510/public_html/666/vendor/laravel/framework/src/Illuminate/Routing/Router.php(685): Illuminate\\Routing\\Route->run()
#7 /home/vimi510/public_html/666/vendor/laravel/framework/src/Illuminate/Pipeline/Pipeline.php(128): Illuminate\\Routing\\Router->Illuminate\\Routing\\{closure}(Object(Illuminate\\Http\\Request))
#8 /home/vimi510/public_html/666/app/Http/Middleware/DayEnd.php(39): Illuminate\\Pipeline\\Pipeline->Illuminate\\Pipeline\\{closure}(Object(Illuminate\\Http\\Request))
#9 /home/vimi510/public_html/666/vendor/laravel/framework/src/Illuminate/Pipeline/Pipeline.php(167): App\\Http\\Middleware\\DayEnd->handle(Object(Illuminate\\Http\\Request), Object(Closure))
#10 /home/vimi510/public_html/666/app/Http/Middleware/SetSessionData.php(61): Illuminate\\Pipeline\\Pipeline->Illuminate\\Pipeline\\{closure}(Object(Illuminate\\Http\\Request))
#11 /home/vimi510/public_html/666/vendor/laravel/framework/src/Illuminate/Pipeline/Pipeline.php(167): App\\Http\\Middleware\\SetSessionData->handle(Object(Illuminate\\Http\\Request), Object(Closure))
#12 /home/vimi510/public_html/666/app/Http/Middleware/Language.php(28): Illuminate\\Pipeline\\Pipeline->Illuminate\\Pipeline\\{closure}(Object(Illuminate\\Http\\Request))
#13 /home/vimi510/public_html/666/vendor/laravel/framework/src/Illuminate/Pipeline/Pipeline.php(167): App\\Http\\Middleware\\Language->handle(Object(Illuminate\\Http\\Request), Object(Closure))
#14 /home/vimi510/public_html/666/vendor/laravel/framework/src/Illuminate/Routing/Middleware/SubstituteBindings.php(41): Illuminate\\Pipeline\\Pipeline->Illuminate\\Pipeline\\{closure}(Object(Illuminate\\Http\\Request))
#15 /home/vimi510/public_html/666/vendor/laravel/framework/src/Illuminate/Pipeline/Pipeline.php(167): Illuminate\\Routing\\Middleware\\SubstituteBindings->handle(Object(Illuminate\\Http\\Request), Object(Closure))
#16 /home/vimi510/public_html/666/vendor/laravel/framework/src/Illuminate/Auth/Middleware/Authenticate.php(44): Illuminate\\Pipeline\\Pipeline->Illuminate\\Pipeline\\{closure}(Object(Illuminate\\Http\\Request))
#17 /home/vimi510/public_html/666/vendor/laravel/framework/src/Illuminate/Pipeline/Pipeline.php(167): Illuminate\\Auth\\Middleware\\Authenticate->handle(Object(Illuminate\\Http\\Request), Object(Closure))
#18 /home/vimi510/public_html/666/vendor/laravel/framework/src/Illuminate/Foundation/Http/Middleware/VerifyCsrfToken.php(76): Illuminate\\Pipeline\\Pipeline->Illuminate\\Pipeline\\{closure}(Object(Illuminate\\Http\\Request))
#19 /home/vimi510/public_html/666/vendor/laravel/framework/src/Illuminate/Pipeline/Pipeline.php(167): Illuminate\\Foundation\\Http\\Middleware\\VerifyCsrfToken->handle(Object(Illuminate\\Http\\Request), Object(Closure))
#20 /home/vimi510/public_html/666/vendor/laravel/framework/src/Illuminate/View/Middleware/ShareErrorsFromSession.php(49): Illuminate\\Pipeline\\Pipeline->Illuminate\\Pipeline\\{closure}(Object(Illuminate\\Http\\Request))
#21 /home/vimi510/public_html/666/vendor/laravel/framework/src/Illuminate/Pipeline/Pipeline.php(167): Illuminate\\View\\Middleware\\ShareErrorsFromSession->handle(Object(Illuminate\\Http\\Request), Object(Closure))
#22 /home/vimi510/public_html/666/vendor/laravel/framework/src/Illuminate/Session/Middleware/StartSession.php(116): Illuminate\\Pipeline\\Pipeline->Illuminate\\Pipeline\\{closure}(Object(Illuminate\\Http\\Request))
#23 /home/vimi510/public_html/666/vendor/laravel/framework/src/Illuminate/Session/Middleware/StartSession.php(62): Illuminate\\Session\\Middleware\\StartSession->handleStatefulRequest(Object(Illuminate\\Http\\Request), Object(Illuminate\\Session\\Store), Object(Closure))
#24 /home/vimi510/public_html/666/vendor/laravel/framework/src/Illuminate/Pipeline/Pipeline.php(167): Illuminate\\Session\\Middleware\\StartSession->handle(Object(Illuminate\\Http\\Request), Object(Closure))
#25 /home/vimi510/public_html/666/vendor/laravel/framework/src/Illuminate/Cookie/Middleware/AddQueuedCookiesToResponse.php(37): Illuminate\\Pipeline\\Pipeline->Illuminate\\Pipeline\\{closure}(Object(Illuminate\\Http\\Request))
#26 /home/vimi510/public_html/666/vendor/laravel/framework/src/Illuminate/Pipeline/Pipeline.php(167): Illuminate\\Cookie\\Middleware\\AddQueuedCookiesToResponse->handle(Object(Illuminate\\Http\\Request), Object(Closure))
#27 /home/vimi510/public_html/666/vendor/laravel/framework/src/Illuminate/Cookie/Middleware/EncryptCookies.php(66): Illuminate\\Pipeline\\Pipeline->Illuminate\\Pipeline\\{closure}(Object(Illuminate\\Http\\Request))
#28 /home/vimi510/public_html/666/vendor/laravel/framework/src/Illuminate/Pipeline/Pipeline.php(167): Illuminate\\Cookie\\Middleware\\EncryptCookies->handle(Object(Illuminate\\Http\\Request), Object(Closure))
#29 /home/vimi510/public_html/666/vendor/laravel/framework/src/Illuminate/Pipeline/Pipeline.php(103): Illuminate\\Pipeline\\Pipeline->Illuminate\\Pipeline\\{closure}(Object(Illuminate\\Http\\Request))
#30 /home/vimi510/public_html/666/vendor/laravel/framework/src/Illuminate/Routing/Router.php(687): Illuminate\\Pipeline\\Pipeline->then(Object(Closure))
#31 /home/vimi510/public_html/666/vendor/laravel/framework/src/Illuminate/Routing/Router.php(662): Illuminate\\Routing\\Router->runRouteWithinStack(Object(Illuminate\\Routing\\Route), Object(Illuminate\\Http\\Request))
#32 /home/vimi510/public_html/666/vendor/laravel/framework/src/Illuminate/Routing/Router.php(628): Illuminate\\Routing\\Router->runRoute(Object(Illuminate\\Http\\Request), Object(Illuminate\\Routing\\Route))
#33 /home/vimi510/public_html/666/vendor/laravel/framework/src/Illuminate/Routing/Router.php(617): Illuminate\\Routing\\Router->dispatchToRoute(Object(Illuminate\\Http\\Request))
#34 /home/vimi510/public_html/666/vendor/laravel/framework/src/Illuminate/Foundation/Http/Kernel.php(165): Illuminate\\Routing\\Router->dispatch(Object(Illuminate\\Http\\Request))
#35 /home/vimi510/public_html/666/vendor/laravel/framework/src/Illuminate/Pipeline/Pipeline.php(128): Illuminate\\Foundation\\Http\\Kernel->Illuminate\\Foundation\\Http\\{closure}(Object(Illuminate\\Http\\Request))
#36 /home/vimi510/public_html/666/vendor/litespeed/lscache-laravel/src/LSCacheMiddleware.php(21): Illuminate\\Pipeline\\Pipeline->Illuminate\\Pipeline\\{closure}(Object(Illuminate\\Http\\Request))
#37 /home/vimi510/public_html/666/vendor/laravel/framework/src/Illuminate/Pipeline/Pipeline.php(167): Litespeed\\LSCache\\LSCacheMiddleware->handle(Object(Illuminate\\Http\\Request), Object(Closure))
#38 /home/vimi510/public_html/666/vendor/barryvdh/laravel-debugbar/src/Middleware/InjectDebugbar.php(58): Illuminate\\Pipeline\\Pipeline->Illuminate\\Pipeline\\{closure}(Object(Illuminate\\Http\\Request))
#39 /home/vimi510/public_html/666/vendor/laravel/framework/src/Illuminate/Pipeline/Pipeline.php(167): Barryvdh\\Debugbar\\Middleware\\InjectDebugbar->handle(Object(Illuminate\\Http\\Request), Object(Closure))
#40 /home/vimi510/public_html/666/vendor/fideloper/proxy/src/TrustProxies.php(57): Illuminate\\Pipeline\\Pipeline->Illuminate\\Pipeline\\{closure}(Object(Illuminate\\Http\\Request))
#41 /home/vimi510/public_html/666/vendor/laravel/framework/src/Illuminate/Pipeline/Pipeline.php(167): Fideloper\\Proxy\\TrustProxies->handle(Object(Illuminate\\Http\\Request), Object(Closure))
#42 /home/vimi510/public_html/666/vendor/laravel/framework/src/Illuminate/Foundation/Http/Middleware/TransformsRequest.php(21): Illuminate\\Pipeline\\Pipeline->Illuminate\\Pipeline\\{closure}(Object(Illuminate\\Http\\Request))
#43 /home/vimi510/public_html/666/vendor/laravel/framework/src/Illuminate/Pipeline/Pipeline.php(167): Illuminate\\Foundation\\Http\\Middleware\\TransformsRequest->handle(Object(Illuminate\\Http\\Request), Object(Closure))
#44 /home/vimi510/public_html/666/vendor/laravel/framework/src/Illuminate/Foundation/Http/Middleware/TransformsRequest.php(21): Illuminate\\Pipeline\\Pipeline->Illuminate\\Pipeline\\{closure}(Object(Illuminate\\Http\\Request))
#45 /home/vimi510/public_html/666/vendor/laravel/framework/src/Illuminate/Pipeline/Pipeline.php(167): Illuminate\\Foundation\\Http\\Middleware\\TransformsRequest->handle(Object(Illuminate\\Http\\Request), Object(Closure))
#46 /home/vimi510/public_html/666/vendor/laravel/framework/src/Illuminate/Foundation/Http/Middleware/ValidatePostSize.php(27): Illuminate\\Pipeline\\Pipeline->Illuminate\\Pipeline\\{closure}(Object(Illuminate\\Http\\Request))
#47 /home/vimi510/public_html/666/vendor/laravel/framework/src/Illuminate/Pipeline/Pipeline.php(167): Illuminate\\Foundation\\Http\\Middleware\\ValidatePostSize->handle(Object(Illuminate\\Http\\Request), Object(Closure))
#48 /home/vimi510/public_html/666/vendor/laravel/framework/src/Illuminate/Foundation/Http/Middleware/CheckForMaintenanceMode.php(63): Illuminate\\Pipeline\\Pipeline->Illuminate\\Pipeline\\{closure}(Object(Illuminate\\Http\\Request))
#49 /home/vimi510/public_html/666/vendor/laravel/framework/src/Illuminate/Pipeline/Pipeline.php(167): Illuminate\\Foundation\\Http\\Middleware\\CheckForMaintenanceMode->handle(Object(Illuminate\\Http\\Request), Object(Closure))
#50 /home/vimi510/public_html/666/vendor/laravel/framework/src/Illuminate/Pipeline/Pipeline.php(103): Illuminate\\Pipeline\\Pipeline->Illuminate\\Pipeline\\{closure}(Object(Illuminate\\Http\\Request))
#51 /home/vimi510/public_html/666/vendor/laravel/framework/src/Illuminate/Foundation/Http/Kernel.php(140): Illuminate\\Pipeline\\Pipeline->then(Object(Closure))
#52 /home/vimi510/public_html/666/vendor/laravel/framework/src/Illuminate/Foundation/Http/Kernel.php(109): Illuminate\\Foundation\\Http\\Kernel->sendRequestThroughRouter(Object(Illuminate\\Http\\Request))
#53 /home/vimi510/public_html/666/public/index.php(53): Illuminate\\Foundation\\Http\\Kernel->handle(Object(Illuminate\\Http\\Request))
#54 /home/vimi510/public_html/666/index.php(20): require_once('/home/vimi510/p...')
#55 {main}
"} 
[2022-02-18 23:44:27] local.ERROR: Trying to get property 'id' of non-object {"userId":219,"exception":"[object] (ErrorException(code: 0): Trying to get property 'id' of non-object at /home/vimi510/public_html/666/Modules/Petro/Http/Controllers/AddPaymentController.php:166)
[stacktrace]
#0 /home/vimi510/public_html/666/Modules/Petro/Http/Controllers/AddPaymentController.php(166): Illuminate\\Foundation\\Bootstrap\\HandleExceptions->handleError(8, 'Trying to get p...', '/home/vimi510/p...', 166, Array)
#1 [internal function]: Modules\\Petro\\Http\\Controllers\\AddPaymentController->create(Object(Illuminate\\Http\\Request))
#2 /home/vimi510/public_html/666/vendor/laravel/framework/src/Illuminate/Routing/Controller.php(54): call_user_func_array(Array, Array)
#3 /home/vimi510/public_html/666/vendor/laravel/framework/src/Illuminate/Routing/ControllerDispatcher.php(45): Illuminate\\Routing\\Controller->callAction('create', Array)
#4 /home/vimi510/public_html/666/vendor/laravel/framework/src/Illuminate/Routing/Route.php(239): Illuminate\\Routing\\ControllerDispatcher->dispatch(Object(Illuminate\\Routing\\Route), Object(Modules\\Petro\\Http\\Controllers\\AddPaymentController), 'create')
#5 /home/vimi510/public_html/666/vendor/laravel/framework/src/Illuminate/Routing/Route.php(196): Illuminate\\Routing\\Route->runController()
#6 /home/vimi510/public_html/666/vendor/laravel/framework/src/Illuminate/Routing/Router.php(685): Illuminate\\Routing\\Route->run()
#7 /home/vimi510/public_html/666/vendor/laravel/framework/src/Illuminate/Pipeline/Pipeline.php(128): Illuminate\\Routing\\Router->Illuminate\\Routing\\{closure}(Object(Illuminate\\Http\\Request))
#8 /home/vimi510/public_html/666/app/Http/Middleware/DayEnd.php(39): Illuminate\\Pipeline\\Pipeline->Illuminate\\Pipeline\\{closure}(Object(Illuminate\\Http\\Request))
#9 /home/vimi510/public_html/666/vendor/laravel/framework/src/Illuminate/Pipeline/Pipeline.php(167): App\\Http\\Middleware\\DayEnd->handle(Object(Illuminate\\Http\\Request), Object(Closure))
#10 /home/vimi510/public_html/666/app/Http/Middleware/SetSessionData.php(61): Illuminate\\Pipeline\\Pipeline->Illuminate\\Pipeline\\{closure}(Object(Illuminate\\Http\\Request))
#11 /home/vimi510/public_html/666/vendor/laravel/framework/src/Illuminate/Pipeline/Pipeline.php(167): App\\Http\\Middleware\\SetSessionData->handle(Object(Illuminate\\Http\\Request), Object(Closure))
#12 /home/vimi510/public_html/666/app/Http/Middleware/Language.php(28): Illuminate\\Pipeline\\Pipeline->Illuminate\\Pipeline\\{closure}(Object(Illuminate\\Http\\Request))
#13 /home/vimi510/public_html/666/vendor/laravel/framework/src/Illuminate/Pipeline/Pipeline.php(167): App\\Http\\Middleware\\Language->handle(Object(Illuminate\\Http\\Request), Object(Closure))
#14 /home/vimi510/public_html/666/vendor/laravel/framework/src/Illuminate/Routing/Middleware/SubstituteBindings.php(41): Illuminate\\Pipeline\\Pipeline->Illuminate\\Pipeline\\{closure}(Object(Illuminate\\Http\\Request))
#15 /home/vimi510/public_html/666/vendor/laravel/framework/src/Illuminate/Pipeline/Pipeline.php(167): Illuminate\\Routing\\Middleware\\SubstituteBindings->handle(Object(Illuminate\\Http\\Request), Object(Closure))
#16 /home/vimi510/public_html/666/vendor/laravel/framework/src/Illuminate/Auth/Middleware/Authenticate.php(44): Illuminate\\Pipeline\\Pipeline->Illuminate\\Pipeline\\{closure}(Object(Illuminate\\Http\\Request))
#17 /home/vimi510/public_html/666/vendor/laravel/framework/src/Illuminate/Pipeline/Pipeline.php(167): Illuminate\\Auth\\Middleware\\Authenticate->handle(Object(Illuminate\\Http\\Request), Object(Closure))
#18 /home/vimi510/public_html/666/vendor/laravel/framework/src/Illuminate/Foundation/Http/Middleware/VerifyCsrfToken.php(76): Illuminate\\Pipeline\\Pipeline->Illuminate\\Pipeline\\{closure}(Object(Illuminate\\Http\\Request))
#19 /home/vimi510/public_html/666/vendor/laravel/framework/src/Illuminate/Pipeline/Pipeline.php(167): Illuminate\\Foundation\\Http\\Middleware\\VerifyCsrfToken->handle(Object(Illuminate\\Http\\Request), Object(Closure))
#20 /home/vimi510/public_html/666/vendor/laravel/framework/src/Illuminate/View/Middleware/ShareErrorsFromSession.php(49): Illuminate\\Pipeline\\Pipeline->Illuminate\\Pipeline\\{closure}(Object(Illuminate\\Http\\Request))
#21 /home/vimi510/public_html/666/vendor/laravel/framework/src/Illuminate/Pipeline/Pipeline.php(167): Illuminate\\View\\Middleware\\ShareErrorsFromSession->handle(Object(Illuminate\\Http\\Request), Object(Closure))
#22 /home/vimi510/public_html/666/vendor/laravel/framework/src/Illuminate/Session/Middleware/StartSession.php(116): Illuminate\\Pipeline\\Pipeline->Illuminate\\Pipeline\\{closure}(Object(Illuminate\\Http\\Request))
#23 /home/vimi510/public_html/666/vendor/laravel/framework/src/Illuminate/Session/Middleware/StartSession.php(62): Illuminate\\Session\\Middleware\\StartSession->handleStatefulRequest(Object(Illuminate\\Http\\Request), Object(Illuminate\\Session\\Store), Object(Closure))
#24 /home/vimi510/public_html/666/vendor/laravel/framework/src/Illuminate/Pipeline/Pipeline.php(167): Illuminate\\Session\\Middleware\\StartSession->handle(Object(Illuminate\\Http\\Request), Object(Closure))
#25 /home/vimi510/public_html/666/vendor/laravel/framework/src/Illuminate/Cookie/Middleware/AddQueuedCookiesToResponse.php(37): Illuminate\\Pipeline\\Pipeline->Illuminate\\Pipeline\\{closure}(Object(Illuminate\\Http\\Request))
#26 /home/vimi510/public_html/666/vendor/laravel/framework/src/Illuminate/Pipeline/Pipeline.php(167): Illuminate\\Cookie\\Middleware\\AddQueuedCookiesToResponse->handle(Object(Illuminate\\Http\\Request), Object(Closure))
#27 /home/vimi510/public_html/666/vendor/laravel/framework/src/Illuminate/Cookie/Middleware/EncryptCookies.php(66): Illuminate\\Pipeline\\Pipeline->Illuminate\\Pipeline\\{closure}(Object(Illuminate\\Http\\Request))
#28 /home/vimi510/public_html/666/vendor/laravel/framework/src/Illuminate/Pipeline/Pipeline.php(167): Illuminate\\Cookie\\Middleware\\EncryptCookies->handle(Object(Illuminate\\Http\\Request), Object(Closure))
#29 /home/vimi510/public_html/666/vendor/laravel/framework/src/Illuminate/Pipeline/Pipeline.php(103): Illuminate\\Pipeline\\Pipeline->Illuminate\\Pipeline\\{closure}(Object(Illuminate\\Http\\Request))
#30 /home/vimi510/public_html/666/vendor/laravel/framework/src/Illuminate/Routing/Router.php(687): Illuminate\\Pipeline\\Pipeline->then(Object(Closure))
#31 /home/vimi510/public_html/666/vendor/laravel/framework/src/Illuminate/Routing/Router.php(662): Illuminate\\Routing\\Router->runRouteWithinStack(Object(Illuminate\\Routing\\Route), Object(Illuminate\\Http\\Request))
#32 /home/vimi510/public_html/666/vendor/laravel/framework/src/Illuminate/Routing/Router.php(628): Illuminate\\Routing\\Router->runRoute(Object(Illuminate\\Http\\Request), Object(Illuminate\\Routing\\Route))
#33 /home/vimi510/public_html/666/vendor/laravel/framework/src/Illuminate/Routing/Router.php(617): Illuminate\\Routing\\Router->dispatchToRoute(Object(Illuminate\\Http\\Request))
#34 /home/vimi510/public_html/666/vendor/laravel/framework/src/Illuminate/Foundation/Http/Kernel.php(165): Illuminate\\Routing\\Router->dispatch(Object(Illuminate\\Http\\Request))
#35 /home/vimi510/public_html/666/vendor/laravel/framework/src/Illuminate/Pipeline/Pipeline.php(128): Illuminate\\Foundation\\Http\\Kernel->Illuminate\\Foundation\\Http\\{closure}(Object(Illuminate\\Http\\Request))
#36 /home/vimi510/public_html/666/vendor/litespeed/lscache-laravel/src/LSCacheMiddleware.php(21): Illuminate\\Pipeline\\Pipeline->Illuminate\\Pipeline\\{closure}(Object(Illuminate\\Http\\Request))
#37 /home/vimi510/public_html/666/vendor/laravel/framework/src/Illuminate/Pipeline/Pipeline.php(167): Litespeed\\LSCache\\LSCacheMiddleware->handle(Object(Illuminate\\Http\\Request), Object(Closure))
#38 /home/vimi510/public_html/666/vendor/barryvdh/laravel-debugbar/src/Middleware/InjectDebugbar.php(58): Illuminate\\Pipeline\\Pipeline->Illuminate\\Pipeline\\{closure}(Object(Illuminate\\Http\\Request))
#39 /home/vimi510/public_html/666/vendor/laravel/framework/src/Illuminate/Pipeline/Pipeline.php(167): Barryvdh\\Debugbar\\Middleware\\InjectDebugbar->handle(Object(Illuminate\\Http\\Request), Object(Closure))
#40 /home/vimi510/public_html/666/vendor/fideloper/proxy/src/TrustProxies.php(57): Illuminate\\Pipeline\\Pipeline->Illuminate\\Pipeline\\{closure}(Object(Illuminate\\Http\\Request))
#41 /home/vimi510/public_html/666/vendor/laravel/framework/src/Illuminate/Pipeline/Pipeline.php(167): Fideloper\\Proxy\\TrustProxies->handle(Object(Illuminate\\Http\\Request), Object(Closure))
#42 /home/vimi510/public_html/666/vendor/laravel/framework/src/Illuminate/Foundation/Http/Middleware/TransformsRequest.php(21): Illuminate\\Pipeline\\Pipeline->Illuminate\\Pipeline\\{closure}(Object(Illuminate\\Http\\Request))
#43 /home/vimi510/public_html/666/vendor/laravel/framework/src/Illuminate/Pipeline/Pipeline.php(167): Illuminate\\Foundation\\Http\\Middleware\\TransformsRequest->handle(Object(Illuminate\\Http\\Request), Object(Closure))
#44 /home/vimi510/public_html/666/vendor/laravel/framework/src/Illuminate/Foundation/Http/Middleware/TransformsRequest.php(21): Illuminate\\Pipeline\\Pipeline->Illuminate\\Pipeline\\{closure}(Object(Illuminate\\Http\\Request))
#45 /home/vimi510/public_html/666/vendor/laravel/framework/src/Illuminate/Pipeline/Pipeline.php(167): Illuminate\\Foundation\\Http\\Middleware\\TransformsRequest->handle(Object(Illuminate\\Http\\Request), Object(Closure))
#46 /home/vimi510/public_html/666/vendor/laravel/framework/src/Illuminate/Foundation/Http/Middleware/ValidatePostSize.php(27): Illuminate\\Pipeline\\Pipeline->Illuminate\\Pipeline\\{closure}(Object(Illuminate\\Http\\Request))
#47 /home/vimi510/public_html/666/vendor/laravel/framework/src/Illuminate/Pipeline/Pipeline.php(167): Illuminate\\Foundation\\Http\\Middleware\\ValidatePostSize->handle(Object(Illuminate\\Http\\Request), Object(Closure))
#48 /home/vimi510/public_html/666/vendor/laravel/framework/src/Illuminate/Foundation/Http/Middleware/CheckForMaintenanceMode.php(63): Illuminate\\Pipeline\\Pipeline->Illuminate\\Pipeline\\{closure}(Object(Illuminate\\Http\\Request))
#49 /home/vimi510/public_html/666/vendor/laravel/framework/src/Illuminate/Pipeline/Pipeline.php(167): Illuminate\\Foundation\\Http\\Middleware\\CheckForMaintenanceMode->handle(Object(Illuminate\\Http\\Request), Object(Closure))
#50 /home/vimi510/public_html/666/vendor/laravel/framework/src/Illuminate/Pipeline/Pipeline.php(103): Illuminate\\Pipeline\\Pipeline->Illuminate\\Pipeline\\{closure}(Object(Illuminate\\Http\\Request))
#51 /home/vimi510/public_html/666/vendor/laravel/framework/src/Illuminate/Foundation/Http/Kernel.php(140): Illuminate\\Pipeline\\Pipeline->then(Object(Closure))
#52 /home/vimi510/public_html/666/vendor/laravel/framework/src/Illuminate/Foundation/Http/Kernel.php(109): Illuminate\\Foundation\\Http\\Kernel->sendRequestThroughRouter(Object(Illuminate\\Http\\Request))
#53 /home/vimi510/public_html/666/public/index.php(53): Illuminate\\Foundation\\Http\\Kernel->handle(Object(Illuminate\\Http\\Request))
#54 /home/vimi510/public_html/666/index.php(20): require_once('/home/vimi510/p...')
#55 {main}
"} 
[2022-02-18 23:44:39] local.ERROR: Trying to get property 'id' of non-object {"userId":219,"exception":"[object] (ErrorException(code: 0): Trying to get property 'id' of non-object at /home/vimi510/public_html/666/Modules/Petro/Http/Controllers/AddPaymentController.php:166)
[stacktrace]
#0 /home/vimi510/public_html/666/Modules/Petro/Http/Controllers/AddPaymentController.php(166): Illuminate\\Foundation\\Bootstrap\\HandleExceptions->handleError(8, 'Trying to get p...', '/home/vimi510/p...', 166, Array)
#1 [internal function]: Modules\\Petro\\Http\\Controllers\\AddPaymentController->create(Object(Illuminate\\Http\\Request))
#2 /home/vimi510/public_html/666/vendor/laravel/framework/src/Illuminate/Routing/Controller.php(54): call_user_func_array(Array, Array)
#3 /home/vimi510/public_html/666/vendor/laravel/framework/src/Illuminate/Routing/ControllerDispatcher.php(45): Illuminate\\Routing\\Controller->callAction('create', Array)
#4 /home/vimi510/public_html/666/vendor/laravel/framework/src/Illuminate/Routing/Route.php(239): Illuminate\\Routing\\ControllerDispatcher->dispatch(Object(Illuminate\\Routing\\Route), Object(Modules\\Petro\\Http\\Controllers\\AddPaymentController), 'create')
#5 /home/vimi510/public_html/666/vendor/laravel/framework/src/Illuminate/Routing/Route.php(196): Illuminate\\Routing\\Route->runController()
#6 /home/vimi510/public_html/666/vendor/laravel/framework/src/Illuminate/Routing/Router.php(685): Illuminate\\Routing\\Route->run()
#7 /home/vimi510/public_html/666/vendor/laravel/framework/src/Illuminate/Pipeline/Pipeline.php(128): Illuminate\\Routing\\Router->Illuminate\\Routing\\{closure}(Object(Illuminate\\Http\\Request))
#8 /home/vimi510/public_html/666/app/Http/Middleware/DayEnd.php(39): Illuminate\\Pipeline\\Pipeline->Illuminate\\Pipeline\\{closure}(Object(Illuminate\\Http\\Request))
#9 /home/vimi510/public_html/666/vendor/laravel/framework/src/Illuminate/Pipeline/Pipeline.php(167): App\\Http\\Middleware\\DayEnd->handle(Object(Illuminate\\Http\\Request), Object(Closure))
#10 /home/vimi510/public_html/666/app/Http/Middleware/SetSessionData.php(61): Illuminate\\Pipeline\\Pipeline->Illuminate\\Pipeline\\{closure}(Object(Illuminate\\Http\\Request))
#11 /home/vimi510/public_html/666/vendor/laravel/framework/src/Illuminate/Pipeline/Pipeline.php(167): App\\Http\\Middleware\\SetSessionData->handle(Object(Illuminate\\Http\\Request), Object(Closure))
#12 /home/vimi510/public_html/666/app/Http/Middleware/Language.php(28): Illuminate\\Pipeline\\Pipeline->Illuminate\\Pipeline\\{closure}(Object(Illuminate\\Http\\Request))
#13 /home/vimi510/public_html/666/vendor/laravel/framework/src/Illuminate/Pipeline/Pipeline.php(167): App\\Http\\Middleware\\Language->handle(Object(Illuminate\\Http\\Request), Object(Closure))
#14 /home/vimi510/public_html/666/vendor/laravel/framework/src/Illuminate/Routing/Middleware/SubstituteBindings.php(41): Illuminate\\Pipeline\\Pipeline->Illuminate\\Pipeline\\{closure}(Object(Illuminate\\Http\\Request))
#15 /home/vimi510/public_html/666/vendor/laravel/framework/src/Illuminate/Pipeline/Pipeline.php(167): Illuminate\\Routing\\Middleware\\SubstituteBindings->handle(Object(Illuminate\\Http\\Request), Object(Closure))
#16 /home/vimi510/public_html/666/vendor/laravel/framework/src/Illuminate/Auth/Middleware/Authenticate.php(44): Illuminate\\Pipeline\\Pipeline->Illuminate\\Pipeline\\{closure}(Object(Illuminate\\Http\\Request))
#17 /home/vimi510/public_html/666/vendor/laravel/framework/src/Illuminate/Pipeline/Pipeline.php(167): Illuminate\\Auth\\Middleware\\Authenticate->handle(Object(Illuminate\\Http\\Request), Object(Closure))
#18 /home/vimi510/public_html/666/vendor/laravel/framework/src/Illuminate/Foundation/Http/Middleware/VerifyCsrfToken.php(76): Illuminate\\Pipeline\\Pipeline->Illuminate\\Pipeline\\{closure}(Object(Illuminate\\Http\\Request))
#19 /home/vimi510/public_html/666/vendor/laravel/framework/src/Illuminate/Pipeline/Pipeline.php(167): Illuminate\\Foundation\\Http\\Middleware\\VerifyCsrfToken->handle(Object(Illuminate\\Http\\Request), Object(Closure))
#20 /home/vimi510/public_html/666/vendor/laravel/framework/src/Illuminate/View/Middleware/ShareErrorsFromSession.php(49): Illuminate\\Pipeline\\Pipeline->Illuminate\\Pipeline\\{closure}(Object(Illuminate\\Http\\Request))
#21 /home/vimi510/public_html/666/vendor/laravel/framework/src/Illuminate/Pipeline/Pipeline.php(167): Illuminate\\View\\Middleware\\ShareErrorsFromSession->handle(Object(Illuminate\\Http\\Request), Object(Closure))
#22 /home/vimi510/public_html/666/vendor/laravel/framework/src/Illuminate/Session/Middleware/StartSession.php(116): Illuminate\\Pipeline\\Pipeline->Illuminate\\Pipeline\\{closure}(Object(Illuminate\\Http\\Request))
#23 /home/vimi510/public_html/666/vendor/laravel/framework/src/Illuminate/Session/Middleware/StartSession.php(62): Illuminate\\Session\\Middleware\\StartSession->handleStatefulRequest(Object(Illuminate\\Http\\Request), Object(Illuminate\\Session\\Store), Object(Closure))
#24 /home/vimi510/public_html/666/vendor/laravel/framework/src/Illuminate/Pipeline/Pipeline.php(167): Illuminate\\Session\\Middleware\\StartSession->handle(Object(Illuminate\\Http\\Request), Object(Closure))
#25 /home/vimi510/public_html/666/vendor/laravel/framework/src/Illuminate/Cookie/Middleware/AddQueuedCookiesToResponse.php(37): Illuminate\\Pipeline\\Pipeline->Illuminate\\Pipeline\\{closure}(Object(Illuminate\\Http\\Request))
#26 /home/vimi510/public_html/666/vendor/laravel/framework/src/Illuminate/Pipeline/Pipeline.php(167): Illuminate\\Cookie\\Middleware\\AddQueuedCookiesToResponse->handle(Object(Illuminate\\Http\\Request), Object(Closure))
#27 /home/vimi510/public_html/666/vendor/laravel/framework/src/Illuminate/Cookie/Middleware/EncryptCookies.php(66): Illuminate\\Pipeline\\Pipeline->Illuminate\\Pipeline\\{closure}(Object(Illuminate\\Http\\Request))
#28 /home/vimi510/public_html/666/vendor/laravel/framework/src/Illuminate/Pipeline/Pipeline.php(167): Illuminate\\Cookie\\Middleware\\EncryptCookies->handle(Object(Illuminate\\Http\\Request), Object(Closure))
#29 /home/vimi510/public_html/666/vendor/laravel/framework/src/Illuminate/Pipeline/Pipeline.php(103): Illuminate\\Pipeline\\Pipeline->Illuminate\\Pipeline\\{closure}(Object(Illuminate\\Http\\Request))
#30 /home/vimi510/public_html/666/vendor/laravel/framework/src/Illuminate/Routing/Router.php(687): Illuminate\\Pipeline\\Pipeline->then(Object(Closure))
#31 /home/vimi510/public_html/666/vendor/laravel/framework/src/Illuminate/Routing/Router.php(662): Illuminate\\Routing\\Router->runRouteWithinStack(Object(Illuminate\\Routing\\Route), Object(Illuminate\\Http\\Request))
#32 /home/vimi510/public_html/666/vendor/laravel/framework/src/Illuminate/Routing/Router.php(628): Illuminate\\Routing\\Router->runRoute(Object(Illuminate\\Http\\Request), Object(Illuminate\\Routing\\Route))
#33 /home/vimi510/public_html/666/vendor/laravel/framework/src/Illuminate/Routing/Router.php(617): Illuminate\\Routing\\Router->dispatchToRoute(Object(Illuminate\\Http\\Request))
#34 /home/vimi510/public_html/666/vendor/laravel/framework/src/Illuminate/Foundation/Http/Kernel.php(165): Illuminate\\Routing\\Router->dispatch(Object(Illuminate\\Http\\Request))
#35 /home/vimi510/public_html/666/vendor/laravel/framework/src/Illuminate/Pipeline/Pipeline.php(128): Illuminate\\Foundation\\Http\\Kernel->Illuminate\\Foundation\\Http\\{closure}(Object(Illuminate\\Http\\Request))
#36 /home/vimi510/public_html/666/vendor/litespeed/lscache-laravel/src/LSCacheMiddleware.php(21): Illuminate\\Pipeline\\Pipeline->Illuminate\\Pipeline\\{closure}(Object(Illuminate\\Http\\Request))
#37 /home/vimi510/public_html/666/vendor/laravel/framework/src/Illuminate/Pipeline/Pipeline.php(167): Litespeed\\LSCache\\LSCacheMiddleware->handle(Object(Illuminate\\Http\\Request), Object(Closure))
#38 /home/vimi510/public_html/666/vendor/barryvdh/laravel-debugbar/src/Middleware/InjectDebugbar.php(58): Illuminate\\Pipeline\\Pipeline->Illuminate\\Pipeline\\{closure}(Object(Illuminate\\Http\\Request))
#39 /home/vimi510/public_html/666/vendor/laravel/framework/src/Illuminate/Pipeline/Pipeline.php(167): Barryvdh\\Debugbar\\Middleware\\InjectDebugbar->handle(Object(Illuminate\\Http\\Request), Object(Closure))
#40 /home/vimi510/public_html/666/vendor/fideloper/proxy/src/TrustProxies.php(57): Illuminate\\Pipeline\\Pipeline->Illuminate\\Pipeline\\{closure}(Object(Illuminate\\Http\\Request))
#41 /home/vimi510/public_html/666/vendor/laravel/framework/src/Illuminate/Pipeline/Pipeline.php(167): Fideloper\\Proxy\\TrustProxies->handle(Object(Illuminate\\Http\\Request), Object(Closure))
#42 /home/vimi510/public_html/666/vendor/laravel/framework/src/Illuminate/Foundation/Http/Middleware/TransformsRequest.php(21): Illuminate\\Pipeline\\Pipeline->Illuminate\\Pipeline\\{closure}(Object(Illuminate\\Http\\Request))
#43 /home/vimi510/public_html/666/vendor/laravel/framework/src/Illuminate/Pipeline/Pipeline.php(167): Illuminate\\Foundation\\Http\\Middleware\\TransformsRequest->handle(Object(Illuminate\\Http\\Request), Object(Closure))
#44 /home/vimi510/public_html/666/vendor/laravel/framework/src/Illuminate/Foundation/Http/Middleware/TransformsRequest.php(21): Illuminate\\Pipeline\\Pipeline->Illuminate\\Pipeline\\{closure}(Object(Illuminate\\Http\\Request))
#45 /home/vimi510/public_html/666/vendor/laravel/framework/src/Illuminate/Pipeline/Pipeline.php(167): Illuminate\\Foundation\\Http\\Middleware\\TransformsRequest->handle(Object(Illuminate\\Http\\Request), Object(Closure))
#46 /home/vimi510/public_html/666/vendor/laravel/framework/src/Illuminate/Foundation/Http/Middleware/ValidatePostSize.php(27): Illuminate\\Pipeline\\Pipeline->Illuminate\\Pipeline\\{closure}(Object(Illuminate\\Http\\Request))
#47 /home/vimi510/public_html/666/vendor/laravel/framework/src/Illuminate/Pipeline/Pipeline.php(167): Illuminate\\Foundation\\Http\\Middleware\\ValidatePostSize->handle(Object(Illuminate\\Http\\Request), Object(Closure))
#48 /home/vimi510/public_html/666/vendor/laravel/framework/src/Illuminate/Foundation/Http/Middleware/CheckForMaintenanceMode.php(63): Illuminate\\Pipeline\\Pipeline->Illuminate\\Pipeline\\{closure}(Object(Illuminate\\Http\\Request))
#49 /home/vimi510/public_html/666/vendor/laravel/framework/src/Illuminate/Pipeline/Pipeline.php(167): Illuminate\\Foundation\\Http\\Middleware\\CheckForMaintenanceMode->handle(Object(Illuminate\\Http\\Request), Object(Closure))
#50 /home/vimi510/public_html/666/vendor/laravel/framework/src/Illuminate/Pipeline/Pipeline.php(103): Illuminate\\Pipeline\\Pipeline->Illuminate\\Pipeline\\{closure}(Object(Illuminate\\Http\\Request))
#51 /home/vimi510/public_html/666/vendor/laravel/framework/src/Illuminate/Foundation/Http/Kernel.php(140): Illuminate\\Pipeline\\Pipeline->then(Object(Closure))
#52 /home/vimi510/public_html/666/vendor/laravel/framework/src/Illuminate/Foundation/Http/Kernel.php(109): Illuminate\\Foundation\\Http\\Kernel->sendRequestThroughRouter(Object(Illuminate\\Http\\Request))
#53 /home/vimi510/public_html/666/public/index.php(53): Illuminate\\Foundation\\Http\\Kernel->handle(Object(Illuminate\\Http\\Request))
#54 /home/vimi510/public_html/666/index.php(20): require_once('/home/vimi510/p...')
#55 {main}
"} 
